c:\users\nz\source\repos\spoofer project imguı\spoofer project imguı\x64\debug\vc142.pdb
c:\users\nz\source\repos\spoofer project imguı\spoofer project imguı\x64\debug\vc142.ıdb
c:\users\nz\source\repos\spoofer project imguı\spoofer project imguı\x64\debug\maın.obj
c:\users\nz\source\repos\spoofer project imguı\spoofer project imguı\x64\debug\ımguı_ımpl_dx9.obj
c:\users\nz\source\repos\spoofer project imguı\spoofer project imguı\x64\debug\ımguı_draw.obj
c:\users\nz\source\repos\spoofer project imguı\spoofer project imguı\x64\debug\ımguı.obj
c:\users\nz\source\repos\spoofer project imguı\spoofer project imguı\x64\debug\dıskselector.obj
c:\users\nz\source\repos\spoofer project imguı\x64\debug\spoofer project imguı.ılk
c:\users\nz\source\repos\spoofer project imguı\x64\debug\spoofer project imguı.exe
c:\users\nz\source\repos\spoofer project imguı\x64\debug\spoofer project imguı.pdb
c:\users\nz\source\repos\spoofer project imgui\spoofer project imgui\x64\debug\diskselector.obj
c:\users\nz\source\repos\spoofer project imgui\spoofer project imgui\x64\debug\imgui.obj
c:\users\nz\source\repos\spoofer project imgui\spoofer project imgui\x64\debug\imgui_draw.obj
c:\users\nz\source\repos\spoofer project imgui\spoofer project imgui\x64\debug\imgui_impl_dx9.obj
c:\users\nz\source\repos\spoofer project imgui\spoofer project imgui\x64\debug\main.obj
c:\users\nz\source\repos\spoofer project imgui\spoofer project imgui\x64\debug\vc142.idb
c:\users\nz\source\repos\spoofer project imgui\spoofer project imgui\x64\debug\vc142.pdb
c:\users\nz\source\repos\spoofer project imgui\spoofer project imgui\x64\debug\spoofer .7f295b3a.tlog\cl.command.1.tlog
c:\users\nz\source\repos\spoofer project imgui\spoofer project imgui\x64\debug\spoofer .7f295b3a.tlog\cl.read.1.tlog
c:\users\nz\source\repos\spoofer project imgui\spoofer project imgui\x64\debug\spoofer .7f295b3a.tlog\cl.write.1.tlog
c:\users\nz\source\repos\spoofer project imgui\spoofer project imgui\x64\debug\spoofer .7f295b3a.tlog\link.command.1.tlog
c:\users\nz\source\repos\spoofer project imgui\spoofer project imgui\x64\debug\spoofer .7f295b3a.tlog\link.read.1.tlog
c:\users\nz\source\repos\spoofer project imgui\spoofer project imgui\x64\debug\spoofer .7f295b3a.tlog\link.write.1.tlog
